  main.cpp
c:\users\user\source\repos\student class\student class\student.h(7): error C4430: отсутствует спецификатор типа - предполагается int. Примечание. C++ не поддерживает int по умолчанию
c:\users\user\source\repos\student class\student class\student.h(7): error C2143: синтаксическая ошибка: отсутствие "," перед "&"
c:\users\user\source\repos\student class\student class\student.h(16): error C3646: Name: неизвестный спецификатор переопределения
c:\users\user\source\repos\student class\student class\student.h(16): error C2059: синтаксическая ошибка: (
c:\users\user\source\repos\student class\student class\student.h(16): error C2238: непредвиденные лексемы перед ";"
c:\users\user\source\repos\student class\student class\student.h(21): error C3646: name_: неизвестный спецификатор переопределения
c:\users\user\source\repos\student class\student class\student.h(21): error C4430: отсутствует спецификатор типа - предполагается int. Примечание. C++ не поддерживает int по умолчанию
c:\users\user\source\repos\student class\student class\main.cpp(7): error C2661: Student::Student: нет перегруженной функции, принимающей 4 аргументов
c:\users\user\source\repos\student class\student class\main.cpp(13): error C2039: Name: не является членом "Student"
  c:\users\user\source\repos\student class\student class\student.h(3): note:  см. объявление "Student"
c:\users\user\source\repos\student class\student class\main.cpp(20): error C2039: Name: не является членом "Student"
  c:\users\user\source\repos\student class\student class\student.h(3): note:  см. объявление "Student"
  Student.cpp
c:\users\user\source\repos\student class\student class\student.h(7): error C4430: отсутствует спецификатор типа - предполагается int. Примечание. C++ не поддерживает int по умолчанию
c:\users\user\source\repos\student class\student class\student.h(7): error C2143: синтаксическая ошибка: отсутствие "," перед "&"
c:\users\user\source\repos\student class\student class\student.h(16): error C3646: Name: неизвестный спецификатор переопределения
c:\users\user\source\repos\student class\student class\student.h(16): error C2059: синтаксическая ошибка: (
c:\users\user\source\repos\student class\student class\student.h(16): error C2238: непредвиденные лексемы перед ";"
c:\users\user\source\repos\student class\student class\student.h(21): error C3646: name_: неизвестный спецификатор переопределения
c:\users\user\source\repos\student class\student class\student.h(21): error C4430: отсутствует спецификатор типа - предполагается int. Примечание. C++ не поддерживает int по умолчанию
c:\users\user\source\repos\student class\student class\student.cpp(14): error C2511: Student::Student(const std::string &,int,int,int): перегруженная функция-член не найдена в "Student"
  c:\users\user\source\repos\student class\student class\student.h(3): note:  см. объявление "Student"
c:\users\user\source\repos\student class\student class\student.cpp(15): error C2597: недопустимая ссылка на нестатический член "Student::id_"
c:\users\user\source\repos\student class\student class\student.cpp(16): error C2597: недопустимая ссылка на нестатический член "Student::mog_"
c:\users\user\source\repos\student class\student class\student.cpp(17): error C2065: name_: необъявленный идентификатор
c:\users\user\source\repos\student class\student class\student.cpp(18): error C2597: недопустимая ссылка на нестатический член "Student::cource_"
c:\users\user\source\repos\student class\student class\student.cpp(25): error C2065: name_: необъявленный идентификатор
c:\users\user\source\repos\student class\student class\student.cpp(25): error C2039: name_: не является членом "Student"
  c:\users\user\source\repos\student class\student class\student.h(3): note:  см. объявление "Student"
c:\users\user\source\repos\student class\student class\student.cpp(30): error C4430: отсутствует спецификатор типа - предполагается int. Примечание. C++ не поддерживает int по умолчанию
c:\users\user\source\repos\student class\student class\student.cpp(30): error C2556: int Student::operator =(const Student &): перегруженная функция отличается от "Student &Student::operator =(const Student &)" только возвращаемым типом
  c:\users\user\source\repos\student class\student class\student.h(11): note:  см. объявление "Student::operator ="
c:\users\user\source\repos\student class\student class\student.cpp(30): error C2040: Student::operator =: "int (const Student &)" отличается по уровням косвенного обращения от "Student &(const Student &)"
c:\users\user\source\repos\student class\student class\student.cpp(33): error C2065: name_: необъявленный идентификатор
c:\users\user\source\repos\student class\student class\student.cpp(33): error C2039: name_: не является членом "Student"
  c:\users\user\source\repos\student class\student class\student.h(3): note:  см. объявление "Student"
c:\users\user\source\repos\student class\student class\student.cpp(37): error C2039: Name: не является членом "Student"
  c:\users\user\source\repos\student class\student class\student.h(3): note:  см. объявление "Student"
c:\users\user\source\repos\student class\student class\student.cpp(39): error C2065: name_: необъявленный идентификатор
  Создание кода...
